<?xml version="1.0" encoding="UTF-8"?>
<!-- Generated by org.testng.reporters.JUnitReportReporter -->
<testsuite skipped="0" hostname="pawan-PC" name="com.jbk1.Testcase1" tests="1" failures="0" timestamp="16 Apr 2019 07:19:37 GMT" time="0.013" errors="0">
  <testcase name="f" time="0.013" classname="com.jbk1.Testcase1"/>
</testsuite> <!-- com.jbk1.Testcase1 -->
